Started GET "/" for 127.0.0.1 at 2017-08-20 16:08:07 -0500
Processing by StylishPortfoliosController#index as HTML
  Rendering stylish_portfolios/index.html.erb within layouts/stylish_portfolio
  Rendered stylish_portfolios/_navigation.html.erb (0.2ms)
  Rendered stylish_portfolios/_header.html.erb (0.1ms)
  Rendered stylish_portfolios/_about.html.erb (3357.8ms)
  Rendered stylish_portfolios/_services.html.erb (1.8ms)
  Rendered stylish_portfolios/_callout.html.erb (0.2ms)
  Rendered stylish_portfolios/_portfolio.html.erb (1.8ms)
  Rendered stylish_portfolios/_contactus-alt.html.erb (0.2ms)
  Rendered stylish_portfolios/_footeralt.html.erb (0.2ms)
  Rendered stylish_portfolios/index.html.erb within layouts/stylish_portfolio (3366.7ms)
Completed 200 OK in 3757ms (Views: 3598.4ms)


Started GET "/" for 127.0.0.1 at 2017-08-20 16:59:52 -0500
Processing by StylishPortfoliosController#index as HTML
  Rendering stylish_portfolios/index.html.erb within layouts/stylish_portfolio
  Rendered stylish_portfolios/_navigation.html.erb (0.2ms)
  Rendered stylish_portfolios/_header.html.erb (0.2ms)
  Rendered stylish_portfolios/_about.html.erb (1854.2ms)
  Rendered stylish_portfolios/index.html.erb within layouts/stylish_portfolio (1857.3ms)
Completed 500 Internal Server Error in 2428ms


  
ActionView::Template::Error (SyntaxError: [stdin]:4:1: reserved word 'function'):
     7: 				<div class="col-lg-6 col-xs-12 text-center">
     8: 					<div class="portfolio-item">
     9: 						<a href="#">
    10: 							<%= image_tag "stylish_portfolio/portfolio-2.jpg", class: "img-portfolio img-responsive" %>
    11:                         </a>
    12:                         <hr/>
    13:                         <h3>Lola Perez</h3>
  
(execjs):7539:8
(execjs):7545:14
app/views/stylish_portfolios/_about.html.erb:10:in `_app_views_stylish_portfolios__about_html_erb___2029453495317369399_47023257198300'
app/views/stylish_portfolios/index.html.erb:3:in `_app_views_stylish_portfolios_index_html_erb__2242338648282525903_47023249621220'
Started GET "/" for 127.0.0.1 at 2017-08-20 17:01:30 -0500
Processing by StylishPortfoliosController#index as HTML
  Rendering stylish_portfolios/index.html.erb within layouts/stylish_portfolio
  Rendered stylish_portfolios/_navigation.html.erb (0.4ms)
  Rendered stylish_portfolios/_header.html.erb (0.4ms)
  Rendered stylish_portfolios/_about.html.erb (355.8ms)
  Rendered stylish_portfolios/index.html.erb within layouts/stylish_portfolio (359.8ms)
Completed 500 Internal Server Error in 362ms


  
ActionView::Template::Error (SyntaxError: [stdin]:4:1: reserved word 'function'):
     7: 				<div class="col-lg-6 col-xs-12 text-center">
     8: 					<div class="portfolio-item">
     9: 						<a href="#">
    10: 							<%= image_tag "stylish_portfolio/portfolio-2.jpg", class: "img-portfolio img-responsive" %>
    11:                         </a>
    12:                         <hr/>
    13:                         <h3>Lola Perez</h3>
  
(execjs):7539:8
(execjs):7545:14
app/views/stylish_portfolios/_about.html.erb:10:in `_app_views_stylish_portfolios__about_html_erb___2029453495317369399_70052323818420'
app/views/stylish_portfolios/index.html.erb:3:in `_app_views_stylish_portfolios_index_html_erb__2242338648282525903_70052323860380'
Started GET "/" for 127.0.0.1 at 2017-08-20 17:02:47 -0500
Processing by StylishPortfoliosController#index as HTML
  Rendering stylish_portfolios/index.html.erb within layouts/stylish_portfolio
  Rendered stylish_portfolios/_navigation.html.erb (0.4ms)
  Rendered stylish_portfolios/_header.html.erb (0.4ms)
  Rendered stylish_portfolios/_about.html.erb (361.1ms)
  Rendered stylish_portfolios/index.html.erb within layouts/stylish_portfolio (365.7ms)
Completed 500 Internal Server Error in 368ms


  
ActionView::Template::Error (SyntaxError: [stdin]:4:1: reserved word 'function'):
     7: 				<div class="col-lg-6 col-xs-12 text-center">
     8: 					<div class="portfolio-item">
     9: 						<a href="#">
    10: 							<%= image_tag "stylish_portfolio/portfolio-2.jpg", class: "img-portfolio img-responsive" %>
    11:                         </a>
    12:                         <hr/>
    13:                         <h3>Lola Perez</h3>
  
(execjs):7539:8
(execjs):7545:14
app/views/stylish_portfolios/_about.html.erb:10:in `_app_views_stylish_portfolios__about_html_erb___2029453495317369399_70052306414400'
app/views/stylish_portfolios/index.html.erb:3:in `_app_views_stylish_portfolios_index_html_erb__2242338648282525903_70052306481900'
Started GET "/" for 127.0.0.1 at 2017-08-20 17:03:33 -0500
Processing by StylishPortfoliosController#index as HTML
  Rendering stylish_portfolios/index.html.erb within layouts/stylish_portfolio
  Rendered stylish_portfolios/_navigation.html.erb (0.4ms)
  Rendered stylish_portfolios/_header.html.erb (0.4ms)
  Rendered stylish_portfolios/_about.html.erb (829.5ms)
  Rendered stylish_portfolios/_services.html.erb (1.7ms)
  Rendered stylish_portfolios/_callout.html.erb (0.3ms)
  Rendered stylish_portfolios/_portfolio.html.erb (1.8ms)
  Rendered stylish_portfolios/_contactus-alt.html.erb (0.4ms)
  Rendered stylish_portfolios/_footeralt.html.erb (0.2ms)
  Rendered stylish_portfolios/index.html.erb within layouts/stylish_portfolio (848.4ms)
Completed 200 OK in 1131ms (Views: 1130.2ms)


Started GET "/" for 127.0.0.1 at 2017-08-20 17:05:02 -0500
Processing by StylishPortfoliosController#index as HTML
  Rendering stylish_portfolios/index.html.erb within layouts/stylish_portfolio
  Rendered stylish_portfolios/_navigation.html.erb (0.5ms)
  Rendered stylish_portfolios/_header.html.erb (0.4ms)
  Rendered stylish_portfolios/_about.html.erb (1.6ms)
  Rendered stylish_portfolios/_services.html.erb (2.2ms)
  Rendered stylish_portfolios/_callout.html.erb (0.3ms)
  Rendered stylish_portfolios/_portfolio.html.erb (7.4ms)
  Rendered stylish_portfolios/_contactus-alt.html.erb (0.5ms)
  Rendered stylish_portfolios/_footeralt.html.erb (0.3ms)
  Rendered stylish_portfolios/index.html.erb within layouts/stylish_portfolio (20.0ms)
Completed 200 OK in 314ms (Views: 312.9ms)


Started GET "/" for 127.0.0.1 at 2017-08-20 17:06:24 -0500
Processing by StylishPortfoliosController#index as HTML
  Rendering stylish_portfolios/index.html.erb within layouts/stylish_portfolio
  Rendered stylish_portfolios/_navigation.html.erb (0.8ms)
  Rendered stylish_portfolios/_header.html.erb (0.6ms)
  Rendered stylish_portfolios/_about.html.erb (3.0ms)
  Rendered stylish_portfolios/_services.html.erb (4.5ms)
  Rendered stylish_portfolios/_callout.html.erb (0.3ms)
  Rendered stylish_portfolios/_portfolio.html.erb (4.0ms)
  Rendered stylish_portfolios/_contactus-alt.html.erb (0.8ms)
  Rendered stylish_portfolios/_footeralt.html.erb (0.7ms)
  Rendered stylish_portfolios/index.html.erb within layouts/stylish_portfolio (22.5ms)
Completed 200 OK in 61ms (Views: 58.5ms)


Started GET "/" for 127.0.0.1 at 2017-08-20 17:07:54 -0500
Processing by StylishPortfoliosController#index as HTML
  Rendering stylish_portfolios/index.html.erb within layouts/stylish_portfolio
  Rendered stylish_portfolios/_navigation.html.erb (0.3ms)
  Rendered stylish_portfolios/_header.html.erb (0.2ms)
  Rendered stylish_portfolios/_about.html.erb (1178.5ms)
  Rendered stylish_portfolios/_services.html.erb (4.4ms)
  Rendered stylish_portfolios/_callout.html.erb (0.2ms)
  Rendered stylish_portfolios/_portfolio.html.erb (4.4ms)
  Rendered stylish_portfolios/_contactus-alt.html.erb (0.3ms)
  Rendered stylish_portfolios/_footeralt.html.erb (0.2ms)
  Rendered stylish_portfolios/index.html.erb within layouts/stylish_portfolio (1196.4ms)
Completed 200 OK in 1399ms (Views: 1251.1ms)


Started GET "/" for 127.0.0.1 at 2017-08-20 17:10:16 -0500
Processing by StylishPortfoliosController#index as HTML
  Rendering stylish_portfolios/index.html.erb within layouts/stylish_portfolio
  Rendered stylish_portfolios/_navigation.html.erb (0.6ms)
  Rendered stylish_portfolios/_header.html.erb (0.4ms)
  Rendered stylish_portfolios/_about.html.erb (2.7ms)
  Rendered stylish_portfolios/_services.html.erb (3.8ms)
  Rendered stylish_portfolios/_callout.html.erb (0.6ms)
  Rendered stylish_portfolios/_portfolio.html.erb (5.9ms)
  Rendered stylish_portfolios/_contactus-alt.html.erb (0.7ms)
  Rendered stylish_portfolios/_footeralt.html.erb (0.4ms)
  Rendered stylish_portfolios/index.html.erb within layouts/stylish_portfolio (26.5ms)
Completed 200 OK in 84ms (Views: 80.6ms)


Started GET "/" for 127.0.0.1 at 2017-08-20 17:11:49 -0500
Processing by StylishPortfoliosController#index as HTML
  Rendering stylish_portfolios/index.html.erb within layouts/stylish_portfolio
  Rendered stylish_portfolios/_navigation.html.erb (0.3ms)
  Rendered stylish_portfolios/_header.html.erb (0.3ms)
  Rendered stylish_portfolios/_about.html.erb (1.8ms)
  Rendered stylish_portfolios/_services.html.erb (2.9ms)
  Rendered stylish_portfolios/_callout.html.erb (0.5ms)
  Rendered stylish_portfolios/_portfolio.html.erb (3.1ms)
  Rendered stylish_portfolios/_contactus-alt.html.erb (0.4ms)
  Rendered stylish_portfolios/_footeralt.html.erb (0.3ms)
  Rendered stylish_portfolios/index.html.erb within layouts/stylish_portfolio (16.9ms)
Completed 200 OK in 43ms (Views: 40.8ms)


Started GET "/" for 127.0.0.1 at 2017-08-20 17:14:17 -0500
Processing by StylishPortfoliosController#index as HTML
  Rendering stylish_portfolios/index.html.erb within layouts/stylish_portfolio
  Rendered stylish_portfolios/_navigation.html.erb (0.4ms)
  Rendered stylish_portfolios/_header.html.erb (0.3ms)
  Rendered stylish_portfolios/_about.html.erb (1.9ms)
  Rendered stylish_portfolios/_services.html.erb (3.0ms)
  Rendered stylish_portfolios/_callout.html.erb (0.3ms)
  Rendered stylish_portfolios/_portfolio.html.erb (2.5ms)
  Rendered stylish_portfolios/_contactus-alt.html.erb (0.5ms)
  Rendered stylish_portfolios/_footeralt.html.erb (0.3ms)
  Rendered stylish_portfolios/index.html.erb within layouts/stylish_portfolio (16.5ms)
Completed 200 OK in 39ms (Views: 37.0ms)


Started GET "/app.coffee" for 127.0.0.1 at 2017-08-20 17:14:17 -0500
  
ActionController::RoutingError (No route matches [GET] "/app.coffee"):
  
actionpack (5.1.3) lib/action_dispatch/middleware/debug_exceptions.rb:63:in `call'
web-console (3.5.1) lib/web_console/middleware.rb:135:in `call_app'
web-console (3.5.1) lib/web_console/middleware.rb:28:in `block in call'
web-console (3.5.1) lib/web_console/middleware.rb:18:in `catch'
web-console (3.5.1) lib/web_console/middleware.rb:18:in `call'
actionpack (5.1.3) lib/action_dispatch/middleware/show_exceptions.rb:31:in `call'
railties (5.1.3) lib/rails/rack/logger.rb:36:in `call_app'
railties (5.1.3) lib/rails/rack/logger.rb:24:in `block in call'
activesupport (5.1.3) lib/active_support/tagged_logging.rb:69:in `block in tagged'
activesupport (5.1.3) lib/active_support/tagged_logging.rb:26:in `tagged'
activesupport (5.1.3) lib/active_support/tagged_logging.rb:69:in `tagged'
railties (5.1.3) lib/rails/rack/logger.rb:24:in `call'
sprockets-rails (3.2.0) lib/sprockets/rails/quiet_assets.rb:13:in `call'
actionpack (5.1.3) lib/action_dispatch/middleware/remote_ip.rb:79:in `call'
actionpack (5.1.3) lib/action_dispatch/middleware/request_id.rb:25:in `call'
rack (2.0.3) lib/rack/method_override.rb:22:in `call'
rack (2.0.3) lib/rack/runtime.rb:22:in `call'
activesupport (5.1.3) lib/active_support/cache/strategy/local_cache_middleware.rb:27:in `call'
actionpack (5.1.3) lib/action_dispatch/middleware/executor.rb:12:in `call'
actionpack (5.1.3) lib/action_dispatch/middleware/static.rb:125:in `call'
rack (2.0.3) lib/rack/sendfile.rb:111:in `call'
railties (5.1.3) lib/rails/engine.rb:522:in `call'
puma (3.9.1) lib/puma/configuration.rb:224:in `call'
puma (3.9.1) lib/puma/server.rb:602:in `handle_request'
puma (3.9.1) lib/puma/server.rb:435:in `process_client'
puma (3.9.1) lib/puma/server.rb:299:in `block in run'
puma (3.9.1) lib/puma/thread_pool.rb:120:in `block in spawn_thread'
Started GET "/app.coffee" for 127.0.0.1 at 2017-08-20 17:14:21 -0500
  
ActionController::RoutingError (No route matches [GET] "/app.coffee"):
  
actionpack (5.1.3) lib/action_dispatch/middleware/debug_exceptions.rb:63:in `call'
web-console (3.5.1) lib/web_console/middleware.rb:135:in `call_app'
web-console (3.5.1) lib/web_console/middleware.rb:28:in `block in call'
web-console (3.5.1) lib/web_console/middleware.rb:18:in `catch'
web-console (3.5.1) lib/web_console/middleware.rb:18:in `call'
actionpack (5.1.3) lib/action_dispatch/middleware/show_exceptions.rb:31:in `call'
railties (5.1.3) lib/rails/rack/logger.rb:36:in `call_app'
railties (5.1.3) lib/rails/rack/logger.rb:24:in `block in call'
activesupport (5.1.3) lib/active_support/tagged_logging.rb:69:in `block in tagged'
activesupport (5.1.3) lib/active_support/tagged_logging.rb:26:in `tagged'
activesupport (5.1.3) lib/active_support/tagged_logging.rb:69:in `tagged'
railties (5.1.3) lib/rails/rack/logger.rb:24:in `call'
sprockets-rails (3.2.0) lib/sprockets/rails/quiet_assets.rb:13:in `call'
actionpack (5.1.3) lib/action_dispatch/middleware/remote_ip.rb:79:in `call'
actionpack (5.1.3) lib/action_dispatch/middleware/request_id.rb:25:in `call'
rack (2.0.3) lib/rack/method_override.rb:22:in `call'
rack (2.0.3) lib/rack/runtime.rb:22:in `call'
activesupport (5.1.3) lib/active_support/cache/strategy/local_cache_middleware.rb:27:in `call'
actionpack (5.1.3) lib/action_dispatch/middleware/executor.rb:12:in `call'
actionpack (5.1.3) lib/action_dispatch/middleware/static.rb:125:in `call'
rack (2.0.3) lib/rack/sendfile.rb:111:in `call'
railties (5.1.3) lib/rails/engine.rb:522:in `call'
puma (3.9.1) lib/puma/configuration.rb:224:in `call'
puma (3.9.1) lib/puma/server.rb:602:in `handle_request'
puma (3.9.1) lib/puma/server.rb:435:in `process_client'
puma (3.9.1) lib/puma/server.rb:299:in `block in run'
puma (3.9.1) lib/puma/thread_pool.rb:120:in `block in spawn_thread'
Started GET "/" for 127.0.0.1 at 2017-08-20 17:14:58 -0500
Processing by StylishPortfoliosController#index as HTML
  Rendering stylish_portfolios/index.html.erb within layouts/stylish_portfolio
  Rendered stylish_portfolios/_navigation.html.erb (0.5ms)
  Rendered stylish_portfolios/_header.html.erb (0.4ms)
  Rendered stylish_portfolios/_about.html.erb (2.3ms)
  Rendered stylish_portfolios/_services.html.erb (2.4ms)
  Rendered stylish_portfolios/_callout.html.erb (0.7ms)
  Rendered stylish_portfolios/_portfolio.html.erb (2.6ms)
  Rendered stylish_portfolios/_contactus-alt.html.erb (0.3ms)
  Rendered stylish_portfolios/_footeralt.html.erb (0.4ms)
  Rendered stylish_portfolios/index.html.erb within layouts/stylish_portfolio (18.1ms)
Completed 200 OK in 40ms (Views: 38.5ms)


Started GET "/" for 127.0.0.1 at 2017-08-20 17:22:15 -0500
Processing by StylishPortfoliosController#index as HTML
  Rendering stylish_portfolios/index.html.erb within layouts/stylish_portfolio
  Rendered stylish_portfolios/_navigation.html.erb (0.4ms)
  Rendered stylish_portfolios/_header.html.erb (0.3ms)
  Rendered stylish_portfolios/_about.html.erb (2.0ms)
  Rendered stylish_portfolios/_services.html.erb (2.5ms)
  Rendered stylish_portfolios/_callout.html.erb (0.5ms)
  Rendered stylish_portfolios/_portfolio.html.erb (2.8ms)
  Rendered stylish_portfolios/_contactus-alt.html.erb (0.4ms)
  Rendered stylish_portfolios/_footeralt.html.erb (0.3ms)
  Rendered stylish_portfolios/index.html.erb within layouts/stylish_portfolio (16.9ms)
Completed 200 OK in 45ms (Views: 43.4ms)


Started GET "/" for 127.0.0.1 at 2017-08-20 17:34:32 -0500
Processing by StylishPortfoliosController#index as HTML
  Rendering stylish_portfolios/index.html.erb within layouts/stylish_portfolio
  Rendered stylish_portfolios/_navigation.html.erb (0.7ms)
  Rendered stylish_portfolios/_header.html.erb (0.4ms)
  Rendered stylish_portfolios/_about.html.erb (1.9ms)
  Rendered stylish_portfolios/_services.html.erb (2.1ms)
  Rendered stylish_portfolios/_callout.html.erb (0.4ms)
  Rendered stylish_portfolios/_portfolio.html.erb (2.4ms)
  Rendered stylish_portfolios/_contactus-alt.html.erb (0.4ms)
  Rendered stylish_portfolios/_footeralt.html.erb (0.2ms)
  Rendered stylish_portfolios/index.html.erb within layouts/stylish_portfolio (16.5ms)
Completed 500 Internal Server Error in 382ms


  
ActionView::Template::Error (SyntaxError: [stdin]:2:34: reserved word 'function'):
     6:   <!--<link href="http://fonts.googleapis.com/css?family=Source+Sans+Pro:300,400,700,300italic,400italic,700italic" rel="stylesheet" type="text/css">-->
     7:   <link href="https://fonts.googleapis.com/css?family=Dosis|Open+Sans" rel="stylesheet">
     8:   <%= javascript_include_tag 'stylish_portfolio/manifest.js' %>
     9:   <%= javascript_include_tag 'application' %>
    10:   <%= csrf_meta_tags %>
    11: </head>
    12: <body ng-app="serviciosApp"  ng-controller="DynamicFormCtrl as ctrl">
  
(execjs):7539:8
(execjs):7545:14
app/views/layouts/stylish_portfolio.html.erb:9:in `_app_views_layouts_stylish_portfolio_html_erb___1027026746123581089_69868113470320'
Started GET "/" for 127.0.0.1 at 2017-08-20 17:34:59 -0500
Processing by StylishPortfoliosController#index as HTML
  Rendering stylish_portfolios/index.html.erb within layouts/stylish_portfolio
  Rendered stylish_portfolios/_navigation.html.erb (0.5ms)
  Rendered stylish_portfolios/_header.html.erb (0.5ms)
  Rendered stylish_portfolios/_about.html.erb (2.3ms)
  Rendered stylish_portfolios/_services.html.erb (2.6ms)
  Rendered stylish_portfolios/_callout.html.erb (0.4ms)
  Rendered stylish_portfolios/_portfolio.html.erb (4.2ms)
  Rendered stylish_portfolios/_contactus-alt.html.erb (0.4ms)
  Rendered stylish_portfolios/_footeralt.html.erb (0.3ms)
  Rendered stylish_portfolios/index.html.erb within layouts/stylish_portfolio (18.7ms)
Completed 500 Internal Server Error in 37ms


  
ActionView::Template::Error (The asset "applicationstylish_portfolio/manifest.js" is not present in the asset pipeline.):
     5:   <%= stylesheet_link_tag 'stylish_portfolio/manifest.css', media: 'all' %>
     6:   <!--<link href="http://fonts.googleapis.com/css?family=Source+Sans+Pro:300,400,700,300italic,400italic,700italic" rel="stylesheet" type="text/css">-->
     7:   <link href="https://fonts.googleapis.com/css?family=Dosis|Open+Sans" rel="stylesheet">
     8:   <%= javascript_include_tag 'application' 'stylish_portfolio/manifest.js' %>
     9:   <%= csrf_meta_tags %>
    10: </head>
    11: <body ng-app="serviciosApp"  ng-controller="DynamicFormCtrl as ctrl">
  
app/views/layouts/stylish_portfolio.html.erb:8:in `_app_views_layouts_stylish_portfolio_html_erb___1027026746123581089_69868179707380'
Started GET "/" for 127.0.0.1 at 2017-08-20 17:35:14 -0500
Processing by StylishPortfoliosController#index as HTML
  Rendering stylish_portfolios/index.html.erb within layouts/stylish_portfolio
  Rendered stylish_portfolios/_navigation.html.erb (0.4ms)
  Rendered stylish_portfolios/_header.html.erb (0.4ms)
  Rendered stylish_portfolios/_about.html.erb (2.6ms)
  Rendered stylish_portfolios/_services.html.erb (2.3ms)
  Rendered stylish_portfolios/_callout.html.erb (0.4ms)
  Rendered stylish_portfolios/_portfolio.html.erb (2.7ms)
  Rendered stylish_portfolios/_contactus-alt.html.erb (0.4ms)
  Rendered stylish_portfolios/_footeralt.html.erb (0.2ms)
  Rendered stylish_portfolios/index.html.erb within layouts/stylish_portfolio (19.5ms)
Completed 500 Internal Server Error in 377ms


  
ActionView::Template::Error (SyntaxError: [stdin]:2:34: reserved word 'function'):
     5:   <%= stylesheet_link_tag 'stylish_portfolio/manifest.css', media: 'all' %>
     6:   <!--<link href="http://fonts.googleapis.com/css?family=Source+Sans+Pro:300,400,700,300italic,400italic,700italic" rel="stylesheet" type="text/css">-->
     7:   <link href="https://fonts.googleapis.com/css?family=Dosis|Open+Sans" rel="stylesheet">
     8:   <%= javascript_include_tag 'application', 'stylish_portfolio/manifest.js' %>
     9:   <%= csrf_meta_tags %>
    10: </head>
    11: <body ng-app="serviciosApp"  ng-controller="DynamicFormCtrl as ctrl">
  
(execjs):7539:8
(execjs):7545:14
app/views/layouts/stylish_portfolio.html.erb:8:in `_app_views_layouts_stylish_portfolio_html_erb___1027026746123581089_69868113545500'
Started GET "/" for 127.0.0.1 at 2017-08-20 17:36:06 -0500
Processing by StylishPortfoliosController#index as HTML
  Rendering stylish_portfolios/index.html.erb within layouts/stylish_portfolio
  Rendered stylish_portfolios/_navigation.html.erb (0.4ms)
  Rendered stylish_portfolios/_header.html.erb (0.3ms)
  Rendered stylish_portfolios/_about.html.erb (1.5ms)
  Rendered stylish_portfolios/_services.html.erb (1.7ms)
  Rendered stylish_portfolios/_callout.html.erb (0.3ms)
  Rendered stylish_portfolios/_portfolio.html.erb (2.4ms)
  Rendered stylish_portfolios/_contactus-alt.html.erb (0.4ms)
  Rendered stylish_portfolios/_footeralt.html.erb (0.3ms)
  Rendered stylish_portfolios/index.html.erb within layouts/stylish_portfolio (13.8ms)
Completed 200 OK in 36ms (Views: 33.7ms)


Started GET "/" for 127.0.0.1 at 2017-08-21 00:00:02 -0500
Processing by StylishPortfoliosController#index as HTML
  Rendering stylish_portfolios/index.html.erb within layouts/stylish_portfolio
  Rendered stylish_portfolios/_navigation.html.erb (0.6ms)
  Rendered stylish_portfolios/_header.html.erb (0.4ms)
  Rendered stylish_portfolios/_about.html.erb (2.4ms)
  Rendered stylish_portfolios/_services.html.erb (6.0ms)
  Rendered stylish_portfolios/_callout.html.erb (0.3ms)
  Rendered stylish_portfolios/_portfolio.html.erb (2.2ms)
  Rendered stylish_portfolios/_contactus-alt.html.erb (0.7ms)
  Rendered stylish_portfolios/_footeralt.html.erb (0.4ms)
  Rendered stylish_portfolios/index.html.erb within layouts/stylish_portfolio (20.7ms)
Completed 200 OK in 260ms (Views: 258.7ms)


Started GET "/" for 127.0.0.1 at 2017-08-21 00:30:02 -0500
Processing by StylishPortfoliosController#index as HTML
  Rendering stylish_portfolios/index.html.erb within layouts/stylish_portfolio
  Rendered stylish_portfolios/_navigation.html.erb (0.3ms)
  Rendered stylish_portfolios/_header.html.erb (0.2ms)
  Rendered stylish_portfolios/_about.html.erb (1.5ms)
  Rendered stylish_portfolios/_services.html.erb (1.9ms)
  Rendered stylish_portfolios/_callout.html.erb (0.3ms)
  Rendered stylish_portfolios/_portfolio.html.erb (2.3ms)
  Rendered stylish_portfolios/_contactus-alt.html.erb (0.3ms)
  Rendered stylish_portfolios/_footeralt.html.erb (0.2ms)
  Rendered stylish_portfolios/index.html.erb within layouts/stylish_portfolio (12.9ms)
Completed 200 OK in 32ms (Views: 30.8ms)


Started GET "/" for 127.0.0.1 at 2017-08-21 17:54:19 -0500
Processing by StylishPortfoliosController#index as HTML
Completed 500 Internal Server Error in 583ms


  
Gem::LoadError (Specified 'sqlite3' for database adapter, but the gem is not loaded. Add `gem 'sqlite3'` to your Gemfile (and ensure its version is at the minimum required by ActiveRecord).):
  
activerecord (5.1.3) lib/active_record/connection_adapters/connection_specification.rb:188:in `rescue in spec'
activerecord (5.1.3) lib/active_record/connection_adapters/connection_specification.rb:185:in `spec'
activerecord (5.1.3) lib/active_record/connection_adapters/abstract/connection_pool.rb:880:in `establish_connection'
activerecord (5.1.3) lib/active_record/connection_handling.rb:58:in `establish_connection'
activerecord (5.1.3) lib/active_record/railtie.rb:124:in `block (2 levels) in <class:Railtie>'
activesupport (5.1.3) lib/active_support/lazy_load_hooks.rb:45:in `instance_eval'
activesupport (5.1.3) lib/active_support/lazy_load_hooks.rb:45:in `execute_hook'
activesupport (5.1.3) lib/active_support/lazy_load_hooks.rb:52:in `block in run_load_hooks'
activesupport (5.1.3) lib/active_support/lazy_load_hooks.rb:51:in `each'
activesupport (5.1.3) lib/active_support/lazy_load_hooks.rb:51:in `run_load_hooks'
activerecord (5.1.3) lib/active_record/base.rb:326:in `<module:ActiveRecord>'
activerecord (5.1.3) lib/active_record/base.rb:25:in `<top (required)>'
activesupport (5.1.3) lib/active_support/dependencies.rb:292:in `require'
activesupport (5.1.3) lib/active_support/dependencies.rb:292:in `block in require'
activesupport (5.1.3) lib/active_support/dependencies.rb:258:in `load_dependency'
activesupport (5.1.3) lib/active_support/dependencies.rb:292:in `require'
activerecord (5.1.3) lib/active_record/railties/controller_runtime.rb:40:in `append_info_to_payload'
actionpack (5.1.3) lib/action_controller/metal/instrumentation.rb:36:in `ensure in block in process_action'
actionpack (5.1.3) lib/action_controller/metal/instrumentation.rb:36:in `block in process_action'
activesupport (5.1.3) lib/active_support/notifications.rb:166:in `block in instrument'
activesupport (5.1.3) lib/active_support/notifications/instrumenter.rb:21:in `instrument'
activesupport (5.1.3) lib/active_support/notifications.rb:166:in `instrument'
actionpack (5.1.3) lib/action_controller/metal/instrumentation.rb:30:in `process_action'
actionpack (5.1.3) lib/action_controller/metal/params_wrapper.rb:252:in `process_action'
activerecord (5.1.3) lib/active_record/railties/controller_runtime.rb:22:in `process_action'
actionpack (5.1.3) lib/abstract_controller/base.rb:124:in `process'
actionview (5.1.3) lib/action_view/rendering.rb:30:in `process'
actionpack (5.1.3) lib/action_controller/metal.rb:189:in `dispatch'
actionpack (5.1.3) lib/action_controller/metal.rb:253:in `dispatch'
actionpack (5.1.3) lib/action_dispatch/routing/route_set.rb:49:in `dispatch'
actionpack (5.1.3) lib/action_dispatch/routing/route_set.rb:31:in `serve'
actionpack (5.1.3) lib/action_dispatch/journey/router.rb:46:in `block in serve'
actionpack (5.1.3) lib/action_dispatch/journey/router.rb:33:in `each'
actionpack (5.1.3) lib/action_dispatch/journey/router.rb:33:in `serve'
actionpack (5.1.3) lib/action_dispatch/routing/route_set.rb:834:in `call'
rack (2.0.3) lib/rack/etag.rb:25:in `call'
rack (2.0.3) lib/rack/conditional_get.rb:25:in `call'
rack (2.0.3) lib/rack/head.rb:12:in `call'
rack (2.0.3) lib/rack/session/abstract/id.rb:232:in `context'
rack (2.0.3) lib/rack/session/abstract/id.rb:226:in `call'
actionpack (5.1.3) lib/action_dispatch/middleware/cookies.rb:613:in `call'
activerecord (5.1.3) lib/active_record/migration.rb:556:in `call'
actionpack (5.1.3) lib/action_dispatch/middleware/callbacks.rb:26:in `block in call'
activesupport (5.1.3) lib/active_support/callbacks.rb:97:in `run_callbacks'
actionpack (5.1.3) lib/action_dispatch/middleware/callbacks.rb:24:in `call'
actionpack (5.1.3) lib/action_dispatch/middleware/executor.rb:12:in `call'
actionpack (5.1.3) lib/action_dispatch/middleware/debug_exceptions.rb:59:in `call'
web-console (3.5.1) lib/web_console/middleware.rb:135:in `call_app'
web-console (3.5.1) lib/web_console/middleware.rb:28:in `block in call'
web-console (3.5.1) lib/web_console/middleware.rb:18:in `catch'
web-console (3.5.1) lib/web_console/middleware.rb:18:in `call'
actionpack (5.1.3) lib/action_dispatch/middleware/show_exceptions.rb:31:in `call'
railties (5.1.3) lib/rails/rack/logger.rb:36:in `call_app'
railties (5.1.3) lib/rails/rack/logger.rb:24:in `block in call'
activesupport (5.1.3) lib/active_support/tagged_logging.rb:69:in `block in tagged'
activesupport (5.1.3) lib/active_support/tagged_logging.rb:26:in `tagged'
activesupport (5.1.3) lib/active_support/tagged_logging.rb:69:in `tagged'
railties (5.1.3) lib/rails/rack/logger.rb:24:in `call'
sprockets-rails (3.2.0) lib/sprockets/rails/quiet_assets.rb:13:in `call'
actionpack (5.1.3) lib/action_dispatch/middleware/remote_ip.rb:79:in `call'
actionpack (5.1.3) lib/action_dispatch/middleware/request_id.rb:25:in `call'
rack (2.0.3) lib/rack/method_override.rb:22:in `call'
rack (2.0.3) lib/rack/runtime.rb:22:in `call'
activesupport (5.1.3) lib/active_support/cache/strategy/local_cache_middleware.rb:27:in `call'
actionpack (5.1.3) lib/action_dispatch/middleware/executor.rb:12:in `call'
actionpack (5.1.3) lib/action_dispatch/middleware/static.rb:125:in `call'
rack (2.0.3) lib/rack/sendfile.rb:111:in `call'
railties (5.1.3) lib/rails/engine.rb:522:in `call'
puma (3.9.1) lib/puma/configuration.rb:224:in `call'
puma (3.9.1) lib/puma/server.rb:602:in `handle_request'
puma (3.9.1) lib/puma/server.rb:435:in `process_client'
puma (3.9.1) lib/puma/server.rb:299:in `block in run'
puma (3.9.1) lib/puma/thread_pool.rb:120:in `block in spawn_thread'
Started GET "/" for 127.0.0.1 at 2017-08-21 17:56:49 -0500
Processing by StylishPortfoliosController#index as HTML
  Rendering stylish_portfolios/index.html.erb within layouts/stylish_portfolio
  Rendered stylish_portfolios/_navigation.html.erb (0.4ms)
  Rendered stylish_portfolios/_header.html.erb (0.3ms)
  Rendered stylish_portfolios/_about.html.erb (161.1ms)
  Rendered stylish_portfolios/_services.html.erb (1.8ms)
  Rendered stylish_portfolios/_callout.html.erb (0.2ms)
  Rendered stylish_portfolios/_portfolio.html.erb (2.4ms)
  Rendered stylish_portfolios/_contactus-alt.html.erb (0.4ms)
  Rendered stylish_portfolios/_footeralt.html.erb (0.2ms)
  Rendered stylish_portfolios/index.html.erb within layouts/stylish_portfolio (174.5ms)
Completed 200 OK in 551ms (Views: 344.8ms)


Started GET "/" for 127.0.0.1 at 2017-08-23 21:04:00 -0500
  [1m[35m (0.1ms)[0m  [1m[34mSELECT "schema_migrations"."version" FROM "schema_migrations" ORDER BY "schema_migrations"."version" ASC[0m
Processing by StylishPortfoliosController#index as HTML
  [1m[36mSlogan Load (0.1ms)[0m  [1m[34mSELECT  "slogans".* FROM "slogans" ORDER BY "slogans"."id" DESC LIMIT ?[0m  [["LIMIT", 1]]
  [1m[36mDescription Load (0.1ms)[0m  [1m[34mSELECT  "descriptions".* FROM "descriptions" ORDER BY "descriptions"."id" DESC LIMIT ?[0m  [["LIMIT", 1]]
  [1m[36mBiography Load (0.2ms)[0m  [1m[34mSELECT "biographies".* FROM "biographies"[0m
  [1m[36mBiography Load (0.1ms)[0m  [1m[34mSELECT "biographies".* FROM "biographies"[0m
  Rendering stylish_portfolios/index.html.erb within layouts/stylish_portfolio
  Rendered stylish_portfolios/_navigation.html.erb (0.3ms)
  Rendered stylish_portfolios/_header.html.erb (0.4ms)
  Rendered stylish_portfolios/_about.html.erb (0.6ms)
  Rendered stylish_portfolios/_services.html.erb (1961.2ms)
  Rendered stylish_portfolios/_callout.html.erb (0.3ms)
  Rendered stylish_portfolios/_portfolio.html.erb (5.2ms)
  Rendered stylish_portfolios/_contactus-alt.html.erb (0.3ms)
  Rendered stylish_portfolios/_footeralt.html.erb (0.3ms)
  Rendered stylish_portfolios/index.html.erb within layouts/stylish_portfolio (2062.5ms)
Completed 200 OK in 2425ms (Views: 2336.6ms | ActiveRecord: 2.3ms)


  
ActionController::RoutingError (No route matches [GET] "/assets/bootstrap.css.map"):
  
actionpack (5.1.3) lib/action_dispatch/middleware/debug_exceptions.rb:63:in `call'
web-console (3.5.1) lib/web_console/middleware.rb:135:in `call_app'
web-console (3.5.1) lib/web_console/middleware.rb:28:in `block in call'
web-console (3.5.1) lib/web_console/middleware.rb:18:in `catch'
web-console (3.5.1) lib/web_console/middleware.rb:18:in `call'
actionpack (5.1.3) lib/action_dispatch/middleware/show_exceptions.rb:31:in `call'
railties (5.1.3) lib/rails/rack/logger.rb:36:in `call_app'
railties (5.1.3) lib/rails/rack/logger.rb:24:in `block in call'
activesupport (5.1.3) lib/active_support/tagged_logging.rb:69:in `block in tagged'
activesupport (5.1.3) lib/active_support/tagged_logging.rb:26:in `tagged'
activesupport (5.1.3) lib/active_support/tagged_logging.rb:69:in `tagged'
railties (5.1.3) lib/rails/rack/logger.rb:24:in `call'
sprockets-rails (3.2.0) lib/sprockets/rails/quiet_assets.rb:11:in `block in call'
activesupport (5.1.3) lib/active_support/logger_silence.rb:20:in `silence'
activesupport (5.1.3) lib/active_support/logger.rb:63:in `block (3 levels) in broadcast'
activesupport (5.1.3) lib/active_support/logger_silence.rb:20:in `silence'
activesupport (5.1.3) lib/active_support/logger.rb:61:in `block (2 levels) in broadcast'
sprockets-rails (3.2.0) lib/sprockets/rails/quiet_assets.rb:11:in `call'
actionpack (5.1.3) lib/action_dispatch/middleware/remote_ip.rb:79:in `call'
actionpack (5.1.3) lib/action_dispatch/middleware/request_id.rb:25:in `call'
rack (2.0.3) lib/rack/method_override.rb:22:in `call'
rack (2.0.3) lib/rack/runtime.rb:22:in `call'
activesupport (5.1.3) lib/active_support/cache/strategy/local_cache_middleware.rb:27:in `call'
actionpack (5.1.3) lib/action_dispatch/middleware/executor.rb:12:in `call'
actionpack (5.1.3) lib/action_dispatch/middleware/static.rb:125:in `call'
rack (2.0.3) lib/rack/sendfile.rb:111:in `call'
railties (5.1.3) lib/rails/engine.rb:522:in `call'
puma (3.9.1) lib/puma/configuration.rb:224:in `call'
puma (3.9.1) lib/puma/server.rb:602:in `handle_request'
puma (3.9.1) lib/puma/server.rb:435:in `process_client'
puma (3.9.1) lib/puma/server.rb:299:in `block in run'
puma (3.9.1) lib/puma/thread_pool.rb:120:in `block in spawn_thread'
Started GET "/" for 127.0.0.1 at 2017-08-23 21:07:45 -0500
Processing by StylishPortfoliosController#index as HTML
  [1m[36mSlogan Load (0.4ms)[0m  [1m[34mSELECT  "slogans".* FROM "slogans" ORDER BY "slogans"."id" DESC LIMIT ?[0m  [["LIMIT", 1]]
  [1m[36mDescription Load (0.4ms)[0m  [1m[34mSELECT  "descriptions".* FROM "descriptions" ORDER BY "descriptions"."id" DESC LIMIT ?[0m  [["LIMIT", 1]]
  [1m[36mBiography Load (0.2ms)[0m  [1m[34mSELECT "biographies".* FROM "biographies"[0m
  [1m[36mCACHE Biography Load (0.0ms)[0m  [1m[34mSELECT "biographies".* FROM "biographies"[0m
  Rendering stylish_portfolios/index.html.erb within layouts/stylish_portfolio
  Rendered stylish_portfolios/_navigation.html.erb (0.4ms)
  Rendered stylish_portfolios/_header.html.erb (0.5ms)
  Rendered stylish_portfolios/_about.html.erb (0.9ms)
  Rendered stylish_portfolios/_services.html.erb (3.0ms)
  Rendered stylish_portfolios/_callout.html.erb (0.5ms)
  Rendered stylish_portfolios/_portfolio.html.erb (3.6ms)
  Rendered stylish_portfolios/_contactus-alt.html.erb (0.5ms)
  Rendered stylish_portfolios/_footeralt.html.erb (0.5ms)
  Rendered stylish_portfolios/index.html.erb within layouts/stylish_portfolio (17.1ms)
Completed 200 OK in 51ms (Views: 44.5ms | ActiveRecord: 1.1ms)


Started GET "/" for 127.0.0.1 at 2017-08-23 21:07:48 -0500
Processing by StylishPortfoliosController#index as HTML
  [1m[36mSlogan Load (0.2ms)[0m  [1m[34mSELECT  "slogans".* FROM "slogans" ORDER BY "slogans"."id" DESC LIMIT ?[0m  [["LIMIT", 1]]
  [1m[36mDescription Load (0.2ms)[0m  [1m[34mSELECT  "descriptions".* FROM "descriptions" ORDER BY "descriptions"."id" DESC LIMIT ?[0m  [["LIMIT", 1]]
  [1m[36mBiography Load (0.2ms)[0m  [1m[34mSELECT "biographies".* FROM "biographies"[0m
  [1m[36mCACHE Biography Load (0.0ms)[0m  [1m[34mSELECT "biographies".* FROM "biographies"[0m
  Rendering stylish_portfolios/index.html.erb within layouts/stylish_portfolio
  Rendered stylish_portfolios/_navigation.html.erb (0.3ms)
  Rendered stylish_portfolios/_header.html.erb (0.4ms)
  Rendered stylish_portfolios/_about.html.erb (0.8ms)
  Rendered stylish_portfolios/_services.html.erb (2.3ms)
  Rendered stylish_portfolios/_callout.html.erb (0.3ms)
  Rendered stylish_portfolios/_portfolio.html.erb (4.3ms)
  Rendered stylish_portfolios/_contactus-alt.html.erb (0.5ms)
  Rendered stylish_portfolios/_footeralt.html.erb (0.3ms)
  Rendered stylish_portfolios/index.html.erb within layouts/stylish_portfolio (14.7ms)
Completed 200 OK in 38ms (Views: 34.0ms | ActiveRecord: 0.5ms)


